<?xml version="1.0" encoding="UTF-8"?>
<!-- Generated by org.testng.reporters.JUnitXMLReporter -->
<testsuite hostname="Cnu" name="NewTours User Registration" tests="2" failures="0" timestamp="29 Jan 2019 13:24:27 GMT" time="157.879" errors="0">
  <testcase name="register" time="0.333" classname="com.DataDriven.NewTours_NewUserRegristration_TestData"/>
  <testcase name="newUserRegistration" time="146.676" classname="com.DataDriven.NewTours_NewUserRegristration_TestData"/>
</testsuite> <!-- NewTours User Registration -->
