<?xml version="1.0" encoding="UTF-8"?>
<testng-results skipped="0" failed="0" total="1" passed="1">
  <reporter-output>
  </reporter-output>
  <suite name="Default suite" duration-ms="13306" started-at="2019-02-01T14:15:30Z" finished-at="2019-02-01T14:15:43Z">
    <groups>
    </groups>
    <test name="Default test" duration-ms="13306" started-at="2019-02-01T14:15:30Z" finished-at="2019-02-01T14:15:43Z">
      <class name="com.OHRM.OHRM_LogInTest">
        <test-method status="PASS" signature="setUp()[pri:0, instance:com.OHRM.OHRM_LogInTest@d8355a8]" name="setUp" is-config="true" duration-ms="9210" started-at="2019-02-01T19:45:30Z" finished-at="2019-02-01T19:45:39Z">
          <reporter-output>
          </reporter-output>
        </test-method> <!-- setUp -->
        <test-method status="PASS" signature="logIn()[pri:0, instance:com.OHRM.OHRM_LogInTest@d8355a8]" name="logIn" duration-ms="4040" started-at="2019-02-01T19:45:39Z" finished-at="2019-02-01T19:45:43Z">
          <reporter-output>
          </reporter-output>
        </test-method> <!-- logIn -->
        <test-method status="PASS" signature="tearDown()[pri:0, instance:com.OHRM.OHRM_LogInTest@d8355a8]" name="tearDown" is-config="true" duration-ms="18" started-at="2019-02-01T19:45:43Z" finished-at="2019-02-01T19:45:43Z">
          <reporter-output>
          </reporter-output>
        </test-method> <!-- tearDown -->
      </class> <!-- com.OHRM.OHRM_LogInTest -->
    </test> <!-- Default test -->
  </suite> <!-- Default suite -->
</testng-results>
