<?xml version="1.0" encoding="UTF-8"?>
<testng-results skipped="0" failed="0" total="1" passed="1">
  <reporter-output>
  </reporter-output>
  <suite name="Default suite" duration-ms="11829" started-at="2019-01-25T07:56:55Z" finished-at="2019-01-25T07:57:07Z">
    <groups>
    </groups>
    <test name="Default test" duration-ms="11829" started-at="2019-01-25T07:56:55Z" finished-at="2019-01-25T07:57:07Z">
      <class name="com.OHRM.TestScripts.LogInTest">
        <test-method status="PASS" signature="logIn()[pri:0, instance:com.OHRM.TestScripts.LogInTest@6d8a00e3]" name="logIn" duration-ms="11809" started-at="2019-01-25T13:26:55Z" finished-at="2019-01-25T13:27:07Z">
          <reporter-output>
          </reporter-output>
        </test-method> <!-- logIn -->
      </class> <!-- com.OHRM.TestScripts.LogInTest -->
    </test> <!-- Default test -->
  </suite> <!-- Default suite -->
</testng-results>
