<?xml version="1.0" encoding="UTF-8"?>
<testng-results skipped="0" failed="0" ignored="0" total="1" passed="1">
  <reporter-output>
  </reporter-output>
  <suite name="com.OHRM.OHRM_LogInTest" duration-ms="12032" started-at="2019-01-31T13:29:18Z" finished-at="2019-01-31T13:29:30Z">
    <groups>
    </groups>
    <test name="Command line test" duration-ms="12032" started-at="2019-01-31T13:29:18Z" finished-at="2019-01-31T13:29:30Z">
      <class name="com.OHRM.OHRM_LogInTest">
        <test-method status="PASS" signature="setUp()[pri:0, instance:com.OHRM.OHRM_LogInTest@4157f54e]" name="setUp" is-config="true" duration-ms="9049" started-at="2019-01-31T18:59:18Z" finished-at="2019-01-31T18:59:27Z">
          <reporter-output>
          </reporter-output>
        </test-method> <!-- setUp -->
        <test-method status="PASS" signature="logIn()[pri:0, instance:com.OHRM.OHRM_LogInTest@4157f54e]" name="logIn" duration-ms="2933" started-at="2019-01-31T18:59:27Z" finished-at="2019-01-31T18:59:30Z">
          <reporter-output>
          </reporter-output>
        </test-method> <!-- logIn -->
        <test-method status="PASS" signature="tearDown()[pri:0, instance:com.OHRM.OHRM_LogInTest@4157f54e]" name="tearDown" is-config="true" duration-ms="9" started-at="2019-01-31T18:59:30Z" finished-at="2019-01-31T18:59:30Z">
          <reporter-output>
          </reporter-output>
        </test-method> <!-- tearDown -->
      </class> <!-- com.OHRM.OHRM_LogInTest -->
    </test> <!-- Command line test -->
  </suite> <!-- com.OHRM.OHRM_LogInTest -->
</testng-results>
